user input: C:\Users\gcaso\Developement\hayabusa-3.8.1-win-x64\hayabusa-3.8.1-win-x64.exe csv-timeline -d E:\Windows\System32\winevt\Logs\ -o timeline.csv -U -s -a
[ERROR] Failed to open event file.
EventFile: E:\Windows\System32\winevt\Logs\Active Directory Web Services.evtx
Error: An error occurred while trying to read input.

[ERROR] Failed to open event file.
EventFile: E:\Windows\System32\winevt\Logs\Application.evtx
Error: An error occurred while trying to read input.

[ERROR] Failed to open event file.
EventFile: E:\Windows\System32\winevt\Logs\DFS Replication.evtx
Error: An error occurred while trying to read input.

[ERROR] Failed to open event file.
EventFile: E:\Windows\System32\winevt\Logs\DhcpAdminEvents.evtx
Error: An error occurred while trying to read input.

[ERROR] Failed to open event file.
EventFile: E:\Windows\System32\winevt\Logs\Directory Service.evtx
Error: An error occurred while trying to read input.

[ERROR] Failed to open event file.
EventFile: E:\Windows\System32\winevt\Logs\DNS Server.evtx
Error: An error occurred while trying to read input.

[ERROR] Failed to open event file.
EventFile: E:\Windows\System32\winevt\Logs\HardwareEvents.evtx
Error: An error occurred while trying to read input.

[ERROR] Failed to open event file.
EventFile: E:\Windows\System32\winevt\Logs\Internet Explorer.evtx
Error: An error occurred while trying to read input.

[ERROR] Failed to open event file.
EventFile: E:\Windows\System32\winevt\Logs\Key Management Service.evtx
Error: An error occurred while trying to read input.

[ERROR] Failed to open event file.
EventFile: E:\Windows\System32\winevt\Logs\Microsoft-AppV-Client%4Admin.evtx
Error: An error occurred while trying to read input.

[ERROR] Failed to open event file.
EventFile: E:\Windows\System32\winevt\Logs\Microsoft-AppV-Client%4Operational.evtx
Error: An error occurred while trying to read input.

[ERROR] Failed to open event file.
EventFile: E:\Windows\System32\winevt\Logs\Microsoft-AppV-Client%4Virtual Applications.evtx
Error: An error occurred while trying to read input.

[ERROR] Failed to open event file.
EventFile: E:\Windows\System32\winevt\Logs\Microsoft-Client-Licensing-Platform%4Admin.evtx
Error: An error occurred while trying to read input.

[ERROR] Failed to open event file.
EventFile: E:\Windows\System32\winevt\Logs\Microsoft-Rdms-UI%4Admin.evtx
Error: An error occurred while trying to read input.

[ERROR] Failed to open event file.
EventFile: E:\Windows\System32\winevt\Logs\Microsoft-Rdms-UI%4Operational.evtx
Error: An error occurred while trying to read input.

[ERROR] Failed to open event file.
EventFile: E:\Windows\System32\winevt\Logs\Microsoft-ServerCore-ShellLauncher%4Admin.evtx
Error: An error occurred while trying to read input.

[ERROR] Failed to open event file.
EventFile: E:\Windows\System32\winevt\Logs\Microsoft-System-Diagnostics-DiagnosticInvoker%4Operational.evtx
Error: An error occurred while trying to read input.

[ERROR] Failed to open event file.
EventFile: E:\Windows\System32\winevt\Logs\Microsoft-User Experience Virtualization-Agent Driver%4Operational.evtx
Error: An error occurred while trying to read input.

[ERROR] Failed to open event file.
EventFile: E:\Windows\System32\winevt\Logs\Microsoft-User Experience Virtualization-App Agent%4Operational.evtx
Error: An error occurred while trying to read input.

[ERROR] Failed to open event file.
EventFile: E:\Windows\System32\winevt\Logs\Microsoft-User Experience Virtualization-IPC%4Operational.evtx
Error: An error occurred while trying to read input.

[ERROR] Failed to open event file.
EventFile: E:\Windows\System32\winevt\Logs\Microsoft-User Experience Virtualization-SQM Uploader%4Operational.evtx
Error: An error occurred while trying to read input.

[ERROR] Failed to open event file.
EventFile: E:\Windows\System32\winevt\Logs\Microsoft-Windows-AAD%4Operational.evtx
Error: An error occurred while trying to read input.

[ERROR] Failed to open event file.
EventFile: E:\Windows\System32\winevt\Logs\Microsoft-Windows-All-User-Install-Agent%4Admin.evtx
Error: An error occurred while trying to read input.

[ERROR] Failed to open event file.
EventFile: E:\Windows\System32\winevt\Logs\Microsoft-Windows-AllJoyn%4Operational.evtx
Error: An error occurred while trying to read input.

[ERROR] Failed to open event file.
EventFile: E:\Windows\System32\winevt\Logs\Microsoft-Windows-AppHost%4Admin.evtx
Error: An error occurred while trying to read input.

[ERROR] Failed to open event file.
EventFile: E:\Windows\System32\winevt\Logs\Microsoft-Windows-AppID%4Operational.evtx
Error: An error occurred while trying to read input.

[ERROR] Failed to open event file.
EventFile: E:\Windows\System32\winevt\Logs\Microsoft-Windows-ApplicabilityEngine%4Operational.evtx
Error: An error occurred while trying to read input.

[ERROR] Failed to open event file.
EventFile: E:\Windows\System32\winevt\Logs\Microsoft-Windows-Application Server-Applications%4Admin.evtx
Error: An error occurred while trying to read input.

[ERROR] Failed to open event file.
EventFile: E:\Windows\System32\winevt\Logs\Microsoft-Windows-Application Server-Applications%4Operational.evtx
Error: An error occurred while trying to read input.

[ERROR] Failed to open event file.
EventFile: E:\Windows\System32\winevt\Logs\Microsoft-Windows-Application-Experience%4Program-Compatibility-Assistant.evtx
Error: An error occurred while trying to read input.

[ERROR] Failed to open event file.
EventFile: E:\Windows\System32\winevt\Logs\Microsoft-Windows-Application-Experience%4Program-Compatibility-Troubleshooter.evtx
Error: An error occurred while trying to read input.

[ERROR] Failed to open event file.
EventFile: E:\Windows\System32\winevt\Logs\Microsoft-Windows-Application-Experience%4Program-Inventory.evtx
Error: An error occurred while trying to read input.

[ERROR] Failed to open event file.
EventFile: E:\Windows\System32\winevt\Logs\Microsoft-Windows-Application-Experience%4Program-Telemetry.evtx
Error: An error occurred while trying to read input.

[ERROR] Failed to open event file.
EventFile: E:\Windows\System32\winevt\Logs\Microsoft-Windows-Application-Experience%4Steps-Recorder.evtx
Error: An error occurred while trying to read input.

[ERROR] Failed to open event file.
EventFile: E:\Windows\System32\winevt\Logs\Microsoft-Windows-AppLocker%4EXE and DLL.evtx
Error: An error occurred while trying to read input.

[ERROR] Failed to open event file.
EventFile: E:\Windows\System32\winevt\Logs\Microsoft-Windows-AppLocker%4MSI and Script.evtx
Error: An error occurred while trying to read input.

[ERROR] Failed to open event file.
EventFile: E:\Windows\System32\winevt\Logs\Microsoft-Windows-AppLocker%4Packaged app-Deployment.evtx
Error: An error occurred while trying to read input.

[ERROR] Failed to open event file.
EventFile: E:\Windows\System32\winevt\Logs\Microsoft-Windows-AppLocker%4Packaged app-Execution.evtx
Error: An error occurred while trying to read input.

[ERROR] Failed to open event file.
EventFile: E:\Windows\System32\winevt\Logs\Microsoft-Windows-AppModel-Runtime%4Admin.evtx
Error: An error occurred while trying to read input.

[ERROR] Failed to open event file.
EventFile: E:\Windows\System32\winevt\Logs\Microsoft-Windows-AppReadiness%4Admin.evtx
Error: An error occurred while trying to read input.

[ERROR] Failed to open event file.
EventFile: E:\Windows\System32\winevt\Logs\Microsoft-Windows-AppReadiness%4Operational.evtx
Error: An error occurred while trying to read input.

[ERROR] Failed to open event file.
EventFile: E:\Windows\System32\winevt\Logs\Microsoft-Windows-AppXDeployment%4Operational.evtx
Error: An error occurred while trying to read input.

[ERROR] Failed to open event file.
EventFile: E:\Windows\System32\winevt\Logs\Microsoft-Windows-AppXDeploymentServer%4Operational.evtx
Error: An error occurred while trying to read input.

[ERROR] Failed to open event file.
EventFile: E:\Windows\System32\winevt\Logs\Microsoft-Windows-AppXDeploymentServer%4Restricted.evtx
Error: An error occurred while trying to read input.

[ERROR] Failed to open event file.
EventFile: E:\Windows\System32\winevt\Logs\Microsoft-Windows-AppxPackaging%4Operational.evtx
Error: An error occurred while trying to read input.

[ERROR] Failed to open event file.
EventFile: E:\Windows\System32\winevt\Logs\Microsoft-Windows-Audio%4CaptureMonitor.evtx
Error: An error occurred while trying to read input.

[ERROR] Failed to open event file.
EventFile: E:\Windows\System32\winevt\Logs\Microsoft-Windows-Audio%4Operational.evtx
Error: An error occurred while trying to read input.

[ERROR] Failed to open event file.
EventFile: E:\Windows\System32\winevt\Logs\Microsoft-Windows-Audio%4PlaybackManager.evtx
Error: An error occurred while trying to read input.

[ERROR] Failed to open event file.
EventFile: E:\Windows\System32\winevt\Logs\Microsoft-Windows-Authentication User Interface%4Operational.evtx
Error: An error occurred while trying to read input.

[ERROR] Failed to open event file.
EventFile: E:\Windows\System32\winevt\Logs\Microsoft-Windows-BackgroundTaskInfrastructure%4Operational.evtx
Error: An error occurred while trying to read input.

[ERROR] Failed to open event file.
EventFile: E:\Windows\System32\winevt\Logs\Microsoft-Windows-Backup.evtx
Error: An error occurred while trying to read input.

[ERROR] Failed to open event file.
EventFile: E:\Windows\System32\winevt\Logs\Microsoft-Windows-BestPractices%4Operational.evtx
Error: An error occurred while trying to read input.

[ERROR] Failed to open event file.
EventFile: E:\Windows\System32\winevt\Logs\Microsoft-Windows-Biometrics%4Operational.evtx
Error: An error occurred while trying to read input.

[ERROR] Failed to open event file.
EventFile: E:\Windows\System32\winevt\Logs\Microsoft-Windows-Bits-Client%4Operational.evtx
Error: An error occurred while trying to read input.

[ERROR] Failed to open event file.
EventFile: E:\Windows\System32\winevt\Logs\Microsoft-Windows-Bluetooth-BthLEPrepairing%4Operational.evtx
Error: An error occurred while trying to read input.

[ERROR] Failed to open event file.
EventFile: E:\Windows\System32\winevt\Logs\Microsoft-Windows-Bluetooth-MTPEnum%4Operational.evtx
Error: An error occurred while trying to read input.

[ERROR] Failed to open event file.
EventFile: E:\Windows\System32\winevt\Logs\Microsoft-Windows-BranchCacheSMB%4Operational.evtx
Error: An error occurred while trying to read input.

[ERROR] Failed to open event file.
EventFile: E:\Windows\System32\winevt\Logs\Microsoft-Windows-CertificateServices-Deployment%4Operational.evtx
Error: An error occurred while trying to read input.

[ERROR] Failed to open event file.
EventFile: E:\Windows\System32\winevt\Logs\Microsoft-Windows-CertificateServicesClient-Lifecycle-System%4Operational.evtx
Error: An error occurred while trying to read input.

[ERROR] Failed to open event file.
EventFile: E:\Windows\System32\winevt\Logs\Microsoft-Windows-CertificateServicesClient-Lifecycle-User%4Operational.evtx
Error: An error occurred while trying to read input.

[ERROR] Failed to open event file.
EventFile: E:\Windows\System32\winevt\Logs\Microsoft-Windows-Cleanmgr%4Diagnostic.evtx
Error: An error occurred while trying to read input.

[ERROR] Failed to open event file.
EventFile: E:\Windows\System32\winevt\Logs\Microsoft-Windows-CloudStore%4Operational.evtx
Error: An error occurred while trying to read input.

[ERROR] Failed to open event file.
EventFile: E:\Windows\System32\winevt\Logs\Microsoft-Windows-CodeIntegrity%4Operational.evtx
Error: An error occurred while trying to read input.

[ERROR] Failed to open event file.
EventFile: E:\Windows\System32\winevt\Logs\Microsoft-Windows-Compat-Appraiser%4Operational.evtx
Error: An error occurred while trying to read input.

[ERROR] Failed to open event file.
EventFile: E:\Windows\System32\winevt\Logs\Microsoft-Windows-Containers-BindFlt%4Operational.evtx
Error: An error occurred while trying to read input.

[ERROR] Failed to open event file.
EventFile: E:\Windows\System32\winevt\Logs\Microsoft-Windows-Containers-Wcifs%4Operational.evtx
Error: An error occurred while trying to read input.

[ERROR] Failed to open event file.
EventFile: E:\Windows\System32\winevt\Logs\Microsoft-Windows-CoreApplication%4Operational.evtx
Error: An error occurred while trying to read input.

[ERROR] Failed to open event file.
EventFile: E:\Windows\System32\winevt\Logs\Microsoft-Windows-CorruptedFileRecovery-Client%4Operational.evtx
Error: An error occurred while trying to read input.

[ERROR] Failed to open event file.
EventFile: E:\Windows\System32\winevt\Logs\Microsoft-Windows-CorruptedFileRecovery-Server%4Operational.evtx
Error: An error occurred while trying to read input.

[ERROR] Failed to open event file.
EventFile: E:\Windows\System32\winevt\Logs\Microsoft-Windows-Crypto-DPAPI%4BackUpKeySvc.evtx
Error: An error occurred while trying to read input.

[ERROR] Failed to open event file.
EventFile: E:\Windows\System32\winevt\Logs\Microsoft-Windows-Crypto-DPAPI%4Operational.evtx
Error: An error occurred while trying to read input.

[ERROR] Failed to open event file.
EventFile: E:\Windows\System32\winevt\Logs\Microsoft-Windows-Crypto-NCrypt%4CertInUse.evtx
Error: An error occurred while trying to read input.

[ERROR] Failed to open event file.
EventFile: E:\Windows\System32\winevt\Logs\Microsoft-Windows-Crypto-NCrypt%4Operational.evtx
Error: An error occurred while trying to read input.

[ERROR] Failed to open event file.
EventFile: E:\Windows\System32\winevt\Logs\Microsoft-Windows-DAL-Provider%4Operational.evtx
Error: An error occurred while trying to read input.

[ERROR] Failed to open event file.
EventFile: E:\Windows\System32\winevt\Logs\Microsoft-Windows-DataIntegrityScan%4Admin.evtx
Error: An error occurred while trying to read input.

[ERROR] Failed to open event file.
EventFile: E:\Windows\System32\winevt\Logs\Microsoft-Windows-DataIntegrityScan%4CrashRecovery.evtx
Error: An error occurred while trying to read input.

[ERROR] Failed to open event file.
EventFile: E:\Windows\System32\winevt\Logs\Microsoft-Windows-DateTimeControlPanel%4Operational.evtx
Error: An error occurred while trying to read input.

[ERROR] Failed to open event file.
EventFile: E:\Windows\System32\winevt\Logs\Microsoft-Windows-DeviceGuard%4Operational.evtx
Error: An error occurred while trying to read input.

[ERROR] Failed to open event file.
EventFile: E:\Windows\System32\winevt\Logs\Microsoft-Windows-DeviceManagement-Enterprise-Diagnostics-Provider%4Admin.evtx
Error: An error occurred while trying to read input.

[ERROR] Failed to open event file.
EventFile: E:\Windows\System32\winevt\Logs\Microsoft-Windows-DeviceManagement-Enterprise-Diagnostics-Provider%4Autopilot.evtx
Error: An error occurred while trying to read input.

[ERROR] Failed to open event file.
EventFile: E:\Windows\System32\winevt\Logs\Microsoft-Windows-DeviceManagement-Enterprise-Diagnostics-Provider%4Operational.evtx
Error: An error occurred while trying to read input.

[ERROR] Failed to open event file.
EventFile: E:\Windows\System32\winevt\Logs\Microsoft-Windows-Devices-Background%4Operational.evtx
Error: An error occurred while trying to read input.

[ERROR] Failed to open event file.
EventFile: E:\Windows\System32\winevt\Logs\Microsoft-Windows-DeviceSetupManager%4Admin.evtx
Error: An error occurred while trying to read input.

[ERROR] Failed to open event file.
EventFile: E:\Windows\System32\winevt\Logs\Microsoft-Windows-DeviceSetupManager%4Operational.evtx
Error: An error occurred while trying to read input.

[ERROR] Failed to open event file.
EventFile: E:\Windows\System32\winevt\Logs\Microsoft-Windows-DeviceSync%4Operational.evtx
Error: An error occurred while trying to read input.

[ERROR] Failed to open event file.
EventFile: E:\Windows\System32\winevt\Logs\Microsoft-Windows-DeviceUpdateAgent%4Operational.evtx
Error: An error occurred while trying to read input.

[ERROR] Failed to open event file.
EventFile: E:\Windows\System32\winevt\Logs\Microsoft-Windows-DFSN-Server%4Admin.evtx
Error: An error occurred while trying to read input.

[ERROR] Failed to open event file.
EventFile: E:\Windows\System32\winevt\Logs\Microsoft-Windows-Dhcp-Client%4Admin.evtx
Error: An error occurred while trying to read input.

[ERROR] Failed to open event file.
EventFile: E:\Windows\System32\winevt\Logs\Microsoft-Windows-Dhcp-Server%4FilterNotifications.evtx
Error: An error occurred while trying to read input.

[ERROR] Failed to open event file.
EventFile: E:\Windows\System32\winevt\Logs\Microsoft-Windows-Dhcp-Server%4Operational.evtx
Error: An error occurred while trying to read input.

[ERROR] Failed to open event file.
EventFile: E:\Windows\System32\winevt\Logs\Microsoft-Windows-Dhcpv6-Client%4Admin.evtx
Error: An error occurred while trying to read input.

[ERROR] Failed to open event file.
EventFile: E:\Windows\System32\winevt\Logs\Microsoft-Windows-Diagnosis-DPS%4Operational.evtx
Error: An error occurred while trying to read input.

[ERROR] Failed to open event file.
EventFile: E:\Windows\System32\winevt\Logs\Microsoft-Windows-Diagnosis-PCW%4Operational.evtx
Error: An error occurred while trying to read input.

[ERROR] Failed to open event file.
EventFile: E:\Windows\System32\winevt\Logs\Microsoft-Windows-Diagnosis-PLA%4Operational.evtx
Error: An error occurred while trying to read input.

[ERROR] Failed to open event file.
EventFile: E:\Windows\System32\winevt\Logs\Microsoft-Windows-Diagnosis-Scheduled%4Operational.evtx
Error: An error occurred while trying to read input.

[ERROR] Failed to open event file.
EventFile: E:\Windows\System32\winevt\Logs\Microsoft-Windows-Diagnosis-Scripted%4Admin.evtx
Error: An error occurred while trying to read input.

[ERROR] Failed to open event file.
EventFile: E:\Windows\System32\winevt\Logs\Microsoft-Windows-Diagnosis-Scripted%4Operational.evtx
Error: An error occurred while trying to read input.

[ERROR] Failed to open event file.
EventFile: E:\Windows\System32\winevt\Logs\Microsoft-Windows-Diagnosis-ScriptedDiagnosticsProvider%4Operational.evtx
Error: An error occurred while trying to read input.

[ERROR] Failed to open event file.
EventFile: E:\Windows\System32\winevt\Logs\Microsoft-Windows-Diagnostics-Networking%4Operational.evtx
Error: An error occurred while trying to read input.

[ERROR] Failed to open event file.
EventFile: E:\Windows\System32\winevt\Logs\Microsoft-Windows-DirectoryServices-Deployment%4Operational.evtx
Error: An error occurred while trying to read input.

[ERROR] Failed to open event file.
EventFile: E:\Windows\System32\winevt\Logs\Microsoft-Windows-DiskDiagnostic%4Operational.evtx
Error: An error occurred while trying to read input.

[ERROR] Failed to open event file.
EventFile: E:\Windows\System32\winevt\Logs\Microsoft-Windows-DiskDiagnosticDataCollector%4Operational.evtx
Error: An error occurred while trying to read input.

[ERROR] Failed to open event file.
EventFile: E:\Windows\System32\winevt\Logs\Microsoft-Windows-DiskDiagnosticResolver%4Operational.evtx
Error: An error occurred while trying to read input.

[ERROR] Failed to open event file.
EventFile: E:\Windows\System32\winevt\Logs\Microsoft-Windows-DNSServer%4Audit.evtx
Error: An error occurred while trying to read input.

[ERROR] Failed to open event file.
EventFile: E:\Windows\System32\winevt\Logs\Microsoft-Windows-DSC%4Admin.evtx
Error: An error occurred while trying to read input.

[ERROR] Failed to open event file.
EventFile: E:\Windows\System32\winevt\Logs\Microsoft-Windows-DSC%4Operational.evtx
Error: An error occurred while trying to read input.

[ERROR] Failed to open event file.
EventFile: E:\Windows\System32\winevt\Logs\Microsoft-Windows-DxgKrnl-Admin.evtx
Error: An error occurred while trying to read input.

[ERROR] Failed to open event file.
EventFile: E:\Windows\System32\winevt\Logs\Microsoft-Windows-DxgKrnl-Operational.evtx
Error: An error occurred while trying to read input.

[ERROR] Failed to open event file.
EventFile: E:\Windows\System32\winevt\Logs\Microsoft-Windows-EapHost%4Operational.evtx
Error: An error occurred while trying to read input.

[ERROR] Failed to open event file.
EventFile: E:\Windows\System32\winevt\Logs\Microsoft-Windows-EapMethods-RasChap%4Operational.evtx
Error: An error occurred while trying to read input.

[ERROR] Failed to open event file.
EventFile: E:\Windows\System32\winevt\Logs\Microsoft-Windows-EapMethods-RasTls%4Operational.evtx
Error: An error occurred while trying to read input.

[ERROR] Failed to open event file.
EventFile: E:\Windows\System32\winevt\Logs\Microsoft-Windows-EapMethods-Sim%4Operational.evtx
Error: An error occurred while trying to read input.

[ERROR] Failed to open event file.
EventFile: E:\Windows\System32\winevt\Logs\Microsoft-Windows-EapMethods-Ttls%4Operational.evtx
Error: An error occurred while trying to read input.

[ERROR] Failed to open event file.
EventFile: E:\Windows\System32\winevt\Logs\Microsoft-Windows-EDP-Application-Learning%4Admin.evtx
Error: An error occurred while trying to read input.

[ERROR] Failed to open event file.
EventFile: E:\Windows\System32\winevt\Logs\Microsoft-Windows-EDP-Audit-Regular%4Admin.evtx
Error: An error occurred while trying to read input.

[ERROR] Failed to open event file.
EventFile: E:\Windows\System32\winevt\Logs\Microsoft-Windows-EDP-Audit-TCB%4Admin.evtx
Error: An error occurred while trying to read input.

[ERROR] Failed to open event file.
EventFile: E:\Windows\System32\winevt\Logs\Microsoft-Windows-EnhancedStorage-EhStorClass%4Operational.evtx
Error: An error occurred while trying to read input.

[ERROR] Failed to open event file.
EventFile: E:\Windows\System32\winevt\Logs\Microsoft-Windows-EnrollmentPolicyWebService%4Admin.evtx
Error: An error occurred while trying to read input.

[ERROR] Failed to open event file.
EventFile: E:\Windows\System32\winevt\Logs\Microsoft-Windows-EnrollmentWebService%4Admin.evtx
Error: An error occurred while trying to read input.

[ERROR] Failed to open event file.
EventFile: E:\Windows\System32\winevt\Logs\Microsoft-Windows-EventCollector%4Operational.evtx
Error: An error occurred while trying to read input.

[ERROR] Failed to open event file.
EventFile: E:\Windows\System32\winevt\Logs\Microsoft-Windows-Fault-Tolerant-Heap%4Operational.evtx
Error: An error occurred while trying to read input.

[ERROR] Failed to open event file.
EventFile: E:\Windows\System32\winevt\Logs\Microsoft-Windows-FeatureConfiguration%4Operational.evtx
Error: An error occurred while trying to read input.

[ERROR] Failed to open event file.
EventFile: E:\Windows\System32\winevt\Logs\Microsoft-Windows-FederationServices-Deployment%4Operational.evtx
Error: An error occurred while trying to read input.

[ERROR] Failed to open event file.
EventFile: E:\Windows\System32\winevt\Logs\Microsoft-Windows-FileServices-ServerManager-EventProvider%4Admin.evtx
Error: An error occurred while trying to read input.

[ERROR] Failed to open event file.
EventFile: E:\Windows\System32\winevt\Logs\Microsoft-Windows-FileServices-ServerManager-EventProvider%4Operational.evtx
Error: An error occurred while trying to read input.

[ERROR] Failed to open event file.
EventFile: E:\Windows\System32\winevt\Logs\Microsoft-Windows-FileShareShadowCopyProvider%4Operational.evtx
Error: An error occurred while trying to read input.

[ERROR] Failed to open event file.
EventFile: E:\Windows\System32\winevt\Logs\Microsoft-Windows-FMS%4Operational.evtx
Error: An error occurred while trying to read input.

[ERROR] Failed to open event file.
EventFile: E:\Windows\System32\winevt\Logs\Microsoft-Windows-Folder Redirection%4Operational.evtx
Error: An error occurred while trying to read input.

[ERROR] Failed to open event file.
EventFile: E:\Windows\System32\winevt\Logs\Microsoft-Windows-Forwarding%4Operational.evtx
Error: An error occurred while trying to read input.

[ERROR] Failed to open event file.
EventFile: E:\Windows\System32\winevt\Logs\Microsoft-Windows-GenericRoaming%4Admin.evtx
Error: An error occurred while trying to read input.

[ERROR] Failed to open event file.
EventFile: E:\Windows\System32\winevt\Logs\Microsoft-Windows-GroupPolicy%4Operational.evtx
Error: An error occurred while trying to read input.

[ERROR] Failed to open event file.
EventFile: E:\Windows\System32\winevt\Logs\Microsoft-Windows-HelloForBusiness%4Operational.evtx
Error: An error occurred while trying to read input.

[ERROR] Failed to open event file.
EventFile: E:\Windows\System32\winevt\Logs\Microsoft-Windows-Help%4Operational.evtx
Error: An error occurred while trying to read input.

[ERROR] Failed to open event file.
EventFile: E:\Windows\System32\winevt\Logs\Microsoft-Windows-HomeGroup Control Panel%4Operational.evtx
Error: An error occurred while trying to read input.

[ERROR] Failed to open event file.
EventFile: E:\Windows\System32\winevt\Logs\Microsoft-Windows-Hyper-V-Guest-Drivers%4Admin.evtx
Error: An error occurred while trying to read input.

[ERROR] Failed to open event file.
EventFile: E:\Windows\System32\winevt\Logs\Microsoft-Windows-Hyper-V-Hypervisor-Admin.evtx
Error: An error occurred while trying to read input.

[ERROR] Failed to open event file.
EventFile: E:\Windows\System32\winevt\Logs\Microsoft-Windows-Hyper-V-Hypervisor-Operational.evtx
Error: An error occurred while trying to read input.

[ERROR] Failed to open event file.
EventFile: E:\Windows\System32\winevt\Logs\Microsoft-Windows-IdCtrls%4Operational.evtx
Error: An error occurred while trying to read input.

[ERROR] Failed to open event file.
EventFile: E:\Windows\System32\winevt\Logs\Microsoft-Windows-IKE%4Operational.evtx
Error: An error occurred while trying to read input.

[ERROR] Failed to open event file.
EventFile: E:\Windows\System32\winevt\Logs\Microsoft-Windows-International-RegionalOptionsControlPanel%4Operational.evtx
Error: An error occurred while trying to read input.

[ERROR] Failed to open event file.
EventFile: E:\Windows\System32\winevt\Logs\Microsoft-Windows-Iphlpsvc%4Operational.evtx
Error: An error occurred while trying to read input.

[ERROR] Failed to open event file.
EventFile: E:\Windows\System32\winevt\Logs\Microsoft-Windows-KdsSvc%4Operational.evtx
Error: An error occurred while trying to read input.

[ERROR] Failed to open event file.
EventFile: E:\Windows\System32\winevt\Logs\Microsoft-Windows-Kernel-ApphelpCache%4Operational.evtx
Error: An error occurred while trying to read input.

[ERROR] Failed to open event file.
EventFile: E:\Windows\System32\winevt\Logs\Microsoft-Windows-Kernel-Boot%4Operational.evtx
Error: An error occurred while trying to read input.

[ERROR] Failed to open event file.
EventFile: E:\Windows\System32\winevt\Logs\Microsoft-Windows-Kernel-Cache%4Operational.evtx
Error: An error occurred while trying to read input.

[ERROR] Failed to open event file.
EventFile: E:\Windows\System32\winevt\Logs\Microsoft-Windows-Kernel-CPU-Starvation%4Operational.evtx
Error: An error occurred while trying to read input.

[ERROR] Failed to open event file.
EventFile: E:\Windows\System32\winevt\Logs\Microsoft-Windows-Kernel-Dump%4Operational.evtx
Error: An error occurred while trying to read input.

[ERROR] Failed to open event file.
EventFile: E:\Windows\System32\winevt\Logs\Microsoft-Windows-Kernel-EventTracing%4Admin.evtx
Error: An error occurred while trying to read input.

[ERROR] Failed to open event file.
EventFile: E:\Windows\System32\winevt\Logs\Microsoft-Windows-Kernel-IO%4Operational.evtx
Error: An error occurred while trying to read input.

[ERROR] Failed to open event file.
EventFile: E:\Windows\System32\winevt\Logs\Microsoft-Windows-Kernel-LiveDump%4Operational.evtx
Error: An error occurred while trying to read input.

[ERROR] Failed to open event file.
EventFile: E:\Windows\System32\winevt\Logs\Microsoft-Windows-Kernel-PnP%4Configuration.evtx
Error: An error occurred while trying to read input.

[ERROR] Failed to open event file.
EventFile: E:\Windows\System32\winevt\Logs\Microsoft-Windows-Kernel-PnP%4Device Management.evtx
Error: An error occurred while trying to read input.

[ERROR] Failed to open event file.
EventFile: E:\Windows\System32\winevt\Logs\Microsoft-Windows-Kernel-PnP%4Driver Watchdog.evtx
Error: An error occurred while trying to read input.

[ERROR] Failed to open event file.
EventFile: E:\Windows\System32\winevt\Logs\Microsoft-Windows-Kernel-Power%4Thermal-Operational.evtx
Error: An error occurred while trying to read input.

[ERROR] Failed to open event file.
EventFile: E:\Windows\System32\winevt\Logs\Microsoft-Windows-Kernel-ShimEngine%4Operational.evtx
Error: An error occurred while trying to read input.

[ERROR] Failed to open event file.
EventFile: E:\Windows\System32\winevt\Logs\Microsoft-Windows-Kernel-StoreMgr%4Operational.evtx
Error: An error occurred while trying to read input.

[ERROR] Failed to open event file.
EventFile: E:\Windows\System32\winevt\Logs\Microsoft-Windows-Kernel-WDI%4Operational.evtx
Error: An error occurred while trying to read input.

[ERROR] Failed to open event file.
EventFile: E:\Windows\System32\winevt\Logs\Microsoft-Windows-Kernel-WHEA%4Errors.evtx
Error: An error occurred while trying to read input.

[ERROR] Failed to open event file.
EventFile: E:\Windows\System32\winevt\Logs\Microsoft-Windows-Kernel-WHEA%4Operational.evtx
Error: An error occurred while trying to read input.

[ERROR] Failed to open event file.
EventFile: E:\Windows\System32\winevt\Logs\Microsoft-Windows-Known Folders API Service.evtx
Error: An error occurred while trying to read input.

[ERROR] Failed to open event file.
EventFile: E:\Windows\System32\winevt\Logs\Microsoft-Windows-LanguagePackSetup%4Operational.evtx
Error: An error occurred while trying to read input.

[ERROR] Failed to open event file.
EventFile: E:\Windows\System32\winevt\Logs\Microsoft-Windows-LAPS%4Operational.evtx
Error: An error occurred while trying to read input.

[ERROR] Failed to open event file.
EventFile: E:\Windows\System32\winevt\Logs\Microsoft-Windows-LiveId%4Operational.evtx
Error: An error occurred while trying to read input.

[ERROR] Failed to open event file.
EventFile: E:\Windows\System32\winevt\Logs\Microsoft-Windows-ManagementTools-RegistryProvider%4Operational.evtx
Error: An error occurred while trying to read input.

[ERROR] Failed to open event file.
EventFile: E:\Windows\System32\winevt\Logs\Microsoft-Windows-ManagementTools-TaskManagerProvider%4Operational.evtx
Error: An error occurred while trying to read input.

[ERROR] Failed to open event file.
EventFile: E:\Windows\System32\winevt\Logs\Microsoft-Windows-MemoryDiagnostics-Results%4Debug.evtx
Error: An error occurred while trying to read input.

[ERROR] Failed to open event file.
EventFile: E:\Windows\System32\winevt\Logs\Microsoft-Windows-MiStreamProvider%4Operational.evtx
Error: An error occurred while trying to read input.

[ERROR] Failed to open event file.
EventFile: E:\Windows\System32\winevt\Logs\Microsoft-Windows-Mprddm%4Operational.evtx
Error: An error occurred while trying to read input.

[ERROR] Failed to open event file.
EventFile: E:\Windows\System32\winevt\Logs\Microsoft-Windows-MsLbfoProvider%4Operational.evtx
Error: An error occurred while trying to read input.

[ERROR] Failed to open event file.
EventFile: E:\Windows\System32\winevt\Logs\Microsoft-Windows-MUI%4Admin.evtx
Error: An error occurred while trying to read input.

[ERROR] Failed to open event file.
EventFile: E:\Windows\System32\winevt\Logs\Microsoft-Windows-MUI%4Operational.evtx
Error: An error occurred while trying to read input.

[ERROR] Failed to open event file.
EventFile: E:\Windows\System32\winevt\Logs\Microsoft-Windows-NCSI%4Operational.evtx
Error: An error occurred while trying to read input.

[ERROR] Failed to open event file.
EventFile: E:\Windows\System32\winevt\Logs\Microsoft-Windows-NdisImPlatform%4Operational.evtx
Error: An error occurred while trying to read input.

[ERROR] Failed to open event file.
EventFile: E:\Windows\System32\winevt\Logs\Microsoft-Windows-NetworkLocationWizard%4Operational.evtx
Error: An error occurred while trying to read input.

[ERROR] Failed to open event file.
EventFile: E:\Windows\System32\winevt\Logs\Microsoft-Windows-NetworkProfile%4Operational.evtx
Error: An error occurred while trying to read input.

[ERROR] Failed to open event file.
EventFile: E:\Windows\System32\winevt\Logs\Microsoft-Windows-NetworkProvider%4Operational.evtx
Error: An error occurred while trying to read input.

[ERROR] Failed to open event file.
EventFile: E:\Windows\System32\winevt\Logs\Microsoft-Windows-NlaSvc%4Operational.evtx
Error: An error occurred while trying to read input.

[ERROR] Failed to open event file.
EventFile: E:\Windows\System32\winevt\Logs\Microsoft-Windows-Ntfs%4Operational.evtx
Error: An error occurred while trying to read input.

[ERROR] Failed to open event file.
EventFile: E:\Windows\System32\winevt\Logs\Microsoft-Windows-Ntfs%4WHC.evtx
Error: An error occurred while trying to read input.

[ERROR] Failed to open event file.
EventFile: E:\Windows\System32\winevt\Logs\Microsoft-Windows-NTLM%4Operational.evtx
Error: An error occurred while trying to read input.

[ERROR] Failed to open event file.
EventFile: E:\Windows\System32\winevt\Logs\Microsoft-Windows-OfflineFiles%4Operational.evtx
Error: An error occurred while trying to read input.

[ERROR] Failed to open event file.
EventFile: E:\Windows\System32\winevt\Logs\Microsoft-Windows-OOBE-Machine-DUI%4Operational.evtx
Error: An error occurred while trying to read input.

[ERROR] Failed to open event file.
EventFile: E:\Windows\System32\winevt\Logs\Microsoft-Windows-Partition%4Diagnostic.evtx
Error: An error occurred while trying to read input.

[ERROR] Failed to open event file.
EventFile: E:\Windows\System32\winevt\Logs\Microsoft-Windows-PerceptionRuntime%4Operational.evtx
Error: An error occurred while trying to read input.

[ERROR] Failed to open event file.
EventFile: E:\Windows\System32\winevt\Logs\Microsoft-Windows-PerceptionSensorDataService%4Operational.evtx
Error: An error occurred while trying to read input.

[ERROR] Failed to open event file.
EventFile: E:\Windows\System32\winevt\Logs\Microsoft-Windows-PersistentMemory-Nvdimm%4Operational.evtx
Error: An error occurred while trying to read input.

[ERROR] Failed to open event file.
EventFile: E:\Windows\System32\winevt\Logs\Microsoft-Windows-PersistentMemory-PmemDisk%4Operational.evtx
Error: An error occurred while trying to read input.

[ERROR] Failed to open event file.
EventFile: E:\Windows\System32\winevt\Logs\Microsoft-Windows-PersistentMemory-ScmBus%4Certification.evtx
Error: An error occurred while trying to read input.

[ERROR] Failed to open event file.
EventFile: E:\Windows\System32\winevt\Logs\Microsoft-Windows-PersistentMemory-ScmBus%4Operational.evtx
Error: An error occurred while trying to read input.

[ERROR] Failed to open event file.
EventFile: E:\Windows\System32\winevt\Logs\Microsoft-Windows-Policy%4Operational.evtx
Error: An error occurred while trying to read input.

[ERROR] Failed to open event file.
EventFile: E:\Windows\System32\winevt\Logs\Microsoft-Windows-PowerShell%4Admin.evtx
Error: An error occurred while trying to read input.

[ERROR] Failed to open event file.
EventFile: E:\Windows\System32\winevt\Logs\Microsoft-Windows-PowerShell%4Operational.evtx
Error: An error occurred while trying to read input.

[ERROR] Failed to open event file.
EventFile: E:\Windows\System32\winevt\Logs\Microsoft-Windows-PowerShell-DesiredStateConfiguration-FileDownloadManager%4Operational.evtx
Error: An error occurred while trying to read input.

[ERROR] Failed to open event file.
EventFile: E:\Windows\System32\winevt\Logs\Microsoft-Windows-PrintBRM%4Admin.evtx
Error: An error occurred while trying to read input.

[ERROR] Failed to open event file.
EventFile: E:\Windows\System32\winevt\Logs\Microsoft-Windows-PrintService%4Admin.evtx
Error: An error occurred while trying to read input.

[ERROR] Failed to open event file.
EventFile: E:\Windows\System32\winevt\Logs\Microsoft-Windows-Privacy-Auditing%4Operational.evtx
Error: An error occurred while trying to read input.

[ERROR] Failed to open event file.
EventFile: E:\Windows\System32\winevt\Logs\Microsoft-Windows-Program-Compatibility-Assistant%4CompatAfterUpgrade.evtx
Error: An error occurred while trying to read input.

[ERROR] Failed to open event file.
EventFile: E:\Windows\System32\winevt\Logs\Microsoft-Windows-PushNotification-Platform%4Admin.evtx
Error: An error occurred while trying to read input.

[ERROR] Failed to open event file.
EventFile: E:\Windows\System32\winevt\Logs\Microsoft-Windows-PushNotification-Platform%4Operational.evtx
Error: An error occurred while trying to read input.

[ERROR] Failed to open event file.
EventFile: E:\Windows\System32\winevt\Logs\Microsoft-Windows-ReadyBoost%4Operational.evtx
Error: An error occurred while trying to read input.

[ERROR] Failed to open event file.
EventFile: E:\Windows\System32\winevt\Logs\Microsoft-Windows-ReFS%4Operational.evtx
Error: An error occurred while trying to read input.

[ERROR] Failed to open event file.
EventFile: E:\Windows\System32\winevt\Logs\Microsoft-Windows-Regsvr32%4Operational.evtx
Error: An error occurred while trying to read input.

[ERROR] Failed to open event file.
EventFile: E:\Windows\System32\winevt\Logs\Microsoft-Windows-RemoteApp and Desktop Connections%4Admin.evtx
Error: An error occurred while trying to read input.

[ERROR] Failed to open event file.
EventFile: E:\Windows\System32\winevt\Logs\Microsoft-Windows-RemoteApp and Desktop Connections%4Operational.evtx
Error: An error occurred while trying to read input.

[ERROR] Failed to open event file.
EventFile: E:\Windows\System32\winevt\Logs\Microsoft-Windows-RemoteDesktopServices-RdpCoreTS%4Admin.evtx
Error: An error occurred while trying to read input.

[ERROR] Failed to open event file.
EventFile: E:\Windows\System32\winevt\Logs\Microsoft-Windows-RemoteDesktopServices-RdpCoreTS%4Operational.evtx
Error: An error occurred while trying to read input.

[ERROR] Failed to open event file.
EventFile: E:\Windows\System32\winevt\Logs\Microsoft-Windows-RemoteDesktopServices-SessionServices%4Operational.evtx
Error: An error occurred while trying to read input.

[ERROR] Failed to open event file.
EventFile: E:\Windows\System32\winevt\Logs\Microsoft-Windows-Resource-Exhaustion-Detector%4Operational.evtx
Error: An error occurred while trying to read input.

[ERROR] Failed to open event file.
EventFile: E:\Windows\System32\winevt\Logs\Microsoft-Windows-Resource-Exhaustion-Resolver%4Operational.evtx
Error: An error occurred while trying to read input.

[ERROR] Failed to open event file.
EventFile: E:\Windows\System32\winevt\Logs\Microsoft-Windows-RestartManager%4Operational.evtx
Error: An error occurred while trying to read input.

[ERROR] Failed to open event file.
EventFile: E:\Windows\System32\winevt\Logs\Microsoft-Windows-SearchUI%4Operational.evtx
Error: An error occurred while trying to read input.

[ERROR] Failed to open event file.
EventFile: E:\Windows\System32\winevt\Logs\Microsoft-Windows-Security-Adminless%4Operational.evtx
Error: An error occurred while trying to read input.

[ERROR] Failed to open event file.
EventFile: E:\Windows\System32\winevt\Logs\Microsoft-Windows-Security-Audit-Configuration-Client%4Operational.evtx
Error: An error occurred while trying to read input.

[ERROR] Failed to open event file.
EventFile: E:\Windows\System32\winevt\Logs\Microsoft-Windows-Security-EnterpriseData-FileRevocationManager%4Operational.evtx
Error: An error occurred while trying to read input.

[ERROR] Failed to open event file.
EventFile: E:\Windows\System32\winevt\Logs\Microsoft-Windows-Security-LessPrivilegedAppContainer%4Operational.evtx
Error: An error occurred while trying to read input.

[ERROR] Failed to open event file.
EventFile: E:\Windows\System32\winevt\Logs\Microsoft-Windows-Security-Mitigations%4KernelMode.evtx
Error: An error occurred while trying to read input.

[ERROR] Failed to open event file.
EventFile: E:\Windows\System32\winevt\Logs\Microsoft-Windows-Security-Mitigations%4UserMode.evtx
Error: An error occurred while trying to read input.

[ERROR] Failed to open event file.
EventFile: E:\Windows\System32\winevt\Logs\Microsoft-Windows-Security-Netlogon%4Operational.evtx
Error: An error occurred while trying to read input.

[ERROR] Failed to open event file.
EventFile: E:\Windows\System32\winevt\Logs\Microsoft-Windows-Security-SPP-UX-GenuineCenter-Logging%4Operational.evtx
Error: An error occurred while trying to read input.

[ERROR] Failed to open event file.
EventFile: E:\Windows\System32\winevt\Logs\Microsoft-Windows-Security-SPP-UX-Notifications%4ActionCenter.evtx
Error: An error occurred while trying to read input.

[ERROR] Failed to open event file.
EventFile: E:\Windows\System32\winevt\Logs\Microsoft-Windows-Security-UserConsentVerifier%4Audit.evtx
Error: An error occurred while trying to read input.

[ERROR] Failed to open event file.
EventFile: E:\Windows\System32\winevt\Logs\Microsoft-Windows-SecurityMitigationsBroker%4Operational.evtx
Error: An error occurred while trying to read input.

[ERROR] Failed to open event file.
EventFile: E:\Windows\System32\winevt\Logs\Microsoft-Windows-SENSE%4Operational.evtx
Error: An error occurred while trying to read input.

[ERROR] Failed to open event file.
EventFile: E:\Windows\System32\winevt\Logs\Microsoft-Windows-SenseIR%4Operational.evtx
Error: An error occurred while trying to read input.

[ERROR] Failed to open event file.
EventFile: E:\Windows\System32\winevt\Logs\Microsoft-Windows-ServerManager-ConfigureSMRemoting%4Operational.evtx
Error: An error occurred while trying to read input.

[ERROR] Failed to open event file.
EventFile: E:\Windows\System32\winevt\Logs\Microsoft-Windows-ServerManager-DeploymentProvider%4Operational.evtx
Error: An error occurred while trying to read input.

[ERROR] Failed to open event file.
EventFile: E:\Windows\System32\winevt\Logs\Microsoft-Windows-ServerManager-MgmtProvider%4Operational.evtx
Error: An error occurred while trying to read input.

[ERROR] Failed to open event file.
EventFile: E:\Windows\System32\winevt\Logs\Microsoft-Windows-ServerManager-MultiMachine%4Admin.evtx
Error: An error occurred while trying to read input.

[ERROR] Failed to open event file.
EventFile: E:\Windows\System32\winevt\Logs\Microsoft-Windows-ServerManager-MultiMachine%4Operational.evtx
Error: An error occurred while trying to read input.

[ERROR] Failed to open event file.
EventFile: E:\Windows\System32\winevt\Logs\Microsoft-Windows-Shell-ConnectedAccountState%4ActionCenter.evtx
Error: An error occurred while trying to read input.

[ERROR] Failed to open event file.
EventFile: E:\Windows\System32\winevt\Logs\Microsoft-Windows-Shell-Core%4ActionCenter.evtx
Error: An error occurred while trying to read input.

[ERROR] Failed to open event file.
EventFile: E:\Windows\System32\winevt\Logs\Microsoft-Windows-Shell-Core%4AppDefaults.evtx
Error: An error occurred while trying to read input.

[ERROR] Failed to open event file.
EventFile: E:\Windows\System32\winevt\Logs\Microsoft-Windows-Shell-Core%4LogonTasksChannel.evtx
Error: An error occurred while trying to read input.

[ERROR] Failed to open event file.
EventFile: E:\Windows\System32\winevt\Logs\Microsoft-Windows-Shell-Core%4Operational.evtx
Error: An error occurred while trying to read input.

[ERROR] Failed to open event file.
EventFile: E:\Windows\System32\winevt\Logs\Microsoft-Windows-ShellCommon-StartLayoutPopulation%4Operational.evtx
Error: An error occurred while trying to read input.

[ERROR] Failed to open event file.
EventFile: E:\Windows\System32\winevt\Logs\Microsoft-Windows-SilProvider%4Operational.evtx
Error: An error occurred while trying to read input.

[ERROR] Failed to open event file.
EventFile: E:\Windows\System32\winevt\Logs\Microsoft-Windows-SmartCard-Audit%4Authentication.evtx
Error: An error occurred while trying to read input.

[ERROR] Failed to open event file.
EventFile: E:\Windows\System32\winevt\Logs\Microsoft-Windows-SmartCard-DeviceEnum%4Operational.evtx
Error: An error occurred while trying to read input.

[ERROR] Failed to open event file.
EventFile: E:\Windows\System32\winevt\Logs\Microsoft-Windows-SmartCard-TPM-VCard-Module%4Admin.evtx
Error: An error occurred while trying to read input.

[ERROR] Failed to open event file.
EventFile: E:\Windows\System32\winevt\Logs\Microsoft-Windows-SmartCard-TPM-VCard-Module%4Operational.evtx
Error: An error occurred while trying to read input.

[ERROR] Failed to open event file.
EventFile: E:\Windows\System32\winevt\Logs\Microsoft-Windows-SmbClient%4Audit.evtx
Error: An error occurred while trying to read input.

[ERROR] Failed to open event file.
EventFile: E:\Windows\System32\winevt\Logs\Microsoft-Windows-SmbClient%4Connectivity.evtx
Error: An error occurred while trying to read input.

[ERROR] Failed to open event file.
EventFile: E:\Windows\System32\winevt\Logs\Microsoft-Windows-SMBClient%4Operational.evtx
Error: An error occurred while trying to read input.

[ERROR] Failed to open event file.
EventFile: E:\Windows\System32\winevt\Logs\Microsoft-Windows-SmbClient%4Security.evtx
Error: An error occurred while trying to read input.

[ERROR] Failed to open event file.
EventFile: E:\Windows\System32\winevt\Logs\Microsoft-Windows-SMBDirect%4Admin.evtx
Error: An error occurred while trying to read input.

[ERROR] Failed to open event file.
EventFile: E:\Windows\System32\winevt\Logs\Microsoft-Windows-SMBServer%4Audit.evtx
Error: An error occurred while trying to read input.

[ERROR] Failed to open event file.
EventFile: E:\Windows\System32\winevt\Logs\Microsoft-Windows-SMBServer%4Connectivity.evtx
Error: An error occurred while trying to read input.

[ERROR] Failed to open event file.
EventFile: E:\Windows\System32\winevt\Logs\Microsoft-Windows-SMBServer%4Operational.evtx
Error: An error occurred while trying to read input.

[ERROR] Failed to open event file.
EventFile: E:\Windows\System32\winevt\Logs\Microsoft-Windows-SMBServer%4Security.evtx
Error: An error occurred while trying to read input.

[ERROR] Failed to open event file.
EventFile: E:\Windows\System32\winevt\Logs\Microsoft-Windows-SMBWitnessClient%4Admin.evtx
Error: An error occurred while trying to read input.

[ERROR] Failed to open event file.
EventFile: E:\Windows\System32\winevt\Logs\Microsoft-Windows-SMBWitnessClient%4Informational.evtx
Error: An error occurred while trying to read input.

[ERROR] Failed to open event file.
EventFile: E:\Windows\System32\winevt\Logs\Microsoft-Windows-StateRepository%4Operational.evtx
Error: An error occurred while trying to read input.

[ERROR] Failed to open event file.
EventFile: E:\Windows\System32\winevt\Logs\Microsoft-Windows-StateRepository%4Restricted.evtx
Error: An error occurred while trying to read input.

[ERROR] Failed to open event file.
EventFile: E:\Windows\System32\winevt\Logs\Microsoft-Windows-Storage-ClassPnP%4Operational.evtx
Error: An error occurred while trying to read input.

[ERROR] Failed to open event file.
EventFile: E:\Windows\System32\winevt\Logs\Microsoft-Windows-Storage-Storport%4Health.evtx
Error: An error occurred while trying to read input.

[ERROR] Failed to open event file.
EventFile: E:\Windows\System32\winevt\Logs\Microsoft-Windows-Storage-Storport%4Operational.evtx
Error: An error occurred while trying to read input.

[ERROR] Failed to open event file.
EventFile: E:\Windows\System32\winevt\Logs\Microsoft-Windows-Storage-Tiering%4Admin.evtx
Error: An error occurred while trying to read input.

[ERROR] Failed to open event file.
EventFile: E:\Windows\System32\winevt\Logs\Microsoft-Windows-StorageManagement%4Operational.evtx
Error: An error occurred while trying to read input.

[ERROR] Failed to open event file.
EventFile: E:\Windows\System32\winevt\Logs\Microsoft-Windows-StorageManagement-PartUtil%4Operational.evtx
Error: An error occurred while trying to read input.

[ERROR] Failed to open event file.
EventFile: E:\Windows\System32\winevt\Logs\Microsoft-Windows-StorageSettings%4Diagnostic.evtx
Error: An error occurred while trying to read input.

[ERROR] Failed to open event file.
EventFile: E:\Windows\System32\winevt\Logs\Microsoft-Windows-StorageSpaces-Api%4Operational.evtx
Error: An error occurred while trying to read input.

[ERROR] Failed to open event file.
EventFile: E:\Windows\System32\winevt\Logs\Microsoft-Windows-StorageSpaces-Driver%4Diagnostic.evtx
Error: An error occurred while trying to read input.

[ERROR] Failed to open event file.
EventFile: E:\Windows\System32\winevt\Logs\Microsoft-Windows-StorageSpaces-Driver%4Operational.evtx
Error: An error occurred while trying to read input.

[ERROR] Failed to open event file.
EventFile: E:\Windows\System32\winevt\Logs\Microsoft-Windows-StorageSpaces-ManagementAgent%4WHC.evtx
Error: An error occurred while trying to read input.

[ERROR] Failed to open event file.
EventFile: E:\Windows\System32\winevt\Logs\Microsoft-Windows-StorageSpaces-Parser%4Diagnostic.evtx
Error: An error occurred while trying to read input.

[ERROR] Failed to open event file.
EventFile: E:\Windows\System32\winevt\Logs\Microsoft-Windows-StorageSpaces-Parser%4Operational.evtx
Error: An error occurred while trying to read input.

[ERROR] Failed to open event file.
EventFile: E:\Windows\System32\winevt\Logs\Microsoft-Windows-StorageSpaces-SpaceManager%4Diagnostic.evtx
Error: An error occurred while trying to read input.

[ERROR] Failed to open event file.
EventFile: E:\Windows\System32\winevt\Logs\Microsoft-Windows-StorageSpaces-SpaceManager%4Operational.evtx
Error: An error occurred while trying to read input.

[ERROR] Failed to open event file.
EventFile: E:\Windows\System32\winevt\Logs\Microsoft-Windows-Store%4Operational.evtx
Error: An error occurred while trying to read input.

[ERROR] Failed to open event file.
EventFile: E:\Windows\System32\winevt\Logs\Microsoft-Windows-Storsvc%4Diagnostic.evtx
Error: An error occurred while trying to read input.

[ERROR] Failed to open event file.
EventFile: E:\Windows\System32\winevt\Logs\Microsoft-Windows-SystemDataArchiver%4Diagnostic.evtx
Error: An error occurred while trying to read input.

[ERROR] Failed to open event file.
EventFile: E:\Windows\System32\winevt\Logs\Microsoft-Windows-SystemSettingsThreshold%4Operational.evtx
Error: An error occurred while trying to read input.

[ERROR] Failed to open event file.
EventFile: E:\Windows\System32\winevt\Logs\Microsoft-Windows-TaskScheduler%4Maintenance.evtx
Error: An error occurred while trying to read input.

[ERROR] Failed to open event file.
EventFile: E:\Windows\System32\winevt\Logs\Microsoft-Windows-TaskScheduler%4Operational.evtx
Error: An error occurred while trying to read input.

[ERROR] Failed to open event file.
EventFile: E:\Windows\System32\winevt\Logs\Microsoft-Windows-TCPIP%4Operational.evtx
Error: An error occurred while trying to read input.

[ERROR] Failed to open event file.
EventFile: E:\Windows\System32\winevt\Logs\Microsoft-Windows-TerminalServices-ClientUSBDevices%4Admin.evtx
Error: An error occurred while trying to read input.

[ERROR] Failed to open event file.
EventFile: E:\Windows\System32\winevt\Logs\Microsoft-Windows-TerminalServices-ClientUSBDevices%4Operational.evtx
Error: An error occurred while trying to read input.

[ERROR] Failed to open event file.
EventFile: E:\Windows\System32\winevt\Logs\Microsoft-Windows-TerminalServices-LocalSessionManager%4Admin.evtx
Error: An error occurred while trying to read input.

[ERROR] Failed to open event file.
EventFile: E:\Windows\System32\winevt\Logs\Microsoft-Windows-TerminalServices-LocalSessionManager%4Operational.evtx
Error: An error occurred while trying to read input.

[ERROR] Failed to open event file.
EventFile: E:\Windows\System32\winevt\Logs\Microsoft-Windows-TerminalServices-PnPDevices%4Admin.evtx
Error: An error occurred while trying to read input.

[ERROR] Failed to open event file.
EventFile: E:\Windows\System32\winevt\Logs\Microsoft-Windows-TerminalServices-PnPDevices%4Operational.evtx
Error: An error occurred while trying to read input.

[ERROR] Failed to open event file.
EventFile: E:\Windows\System32\winevt\Logs\Microsoft-Windows-TerminalServices-Printers%4Admin.evtx
Error: An error occurred while trying to read input.

[ERROR] Failed to open event file.
EventFile: E:\Windows\System32\winevt\Logs\Microsoft-Windows-TerminalServices-Printers%4Operational.evtx
Error: An error occurred while trying to read input.

[ERROR] Failed to open event file.
EventFile: E:\Windows\System32\winevt\Logs\Microsoft-Windows-TerminalServices-RDPClient%4Operational.evtx
Error: An error occurred while trying to read input.

[ERROR] Failed to open event file.
EventFile: E:\Windows\System32\winevt\Logs\Microsoft-Windows-TerminalServices-RemoteConnectionManager%4Admin.evtx
Error: An error occurred while trying to read input.

[ERROR] Failed to open event file.
EventFile: E:\Windows\System32\winevt\Logs\Microsoft-Windows-TerminalServices-RemoteConnectionManager%4Operational.evtx
Error: An error occurred while trying to read input.

[ERROR] Failed to open event file.
EventFile: E:\Windows\System32\winevt\Logs\Microsoft-Windows-TerminalServices-ServerUSBDevices%4Admin.evtx
Error: An error occurred while trying to read input.

[ERROR] Failed to open event file.
EventFile: E:\Windows\System32\winevt\Logs\Microsoft-Windows-TerminalServices-ServerUSBDevices%4Operational.evtx
Error: An error occurred while trying to read input.

[ERROR] Failed to open event file.
EventFile: E:\Windows\System32\winevt\Logs\Microsoft-Windows-TerminalServices-SessionBroker-Client%4Admin.evtx
Error: An error occurred while trying to read input.

[ERROR] Failed to open event file.
EventFile: E:\Windows\System32\winevt\Logs\Microsoft-Windows-TerminalServices-SessionBroker-Client%4Operational.evtx
Error: An error occurred while trying to read input.

[ERROR] Failed to open event file.
EventFile: E:\Windows\System32\winevt\Logs\Microsoft-Windows-Time-Service%4Operational.evtx
Error: An error occurred while trying to read input.

[ERROR] Failed to open event file.
EventFile: E:\Windows\System32\winevt\Logs\Microsoft-Windows-Time-Service-PTP-Provider%4PTP-Operational.evtx
Error: An error occurred while trying to read input.

[ERROR] Failed to open event file.
EventFile: E:\Windows\System32\winevt\Logs\Microsoft-Windows-TWinUI%4Operational.evtx
Error: An error occurred while trying to read input.

[ERROR] Failed to open event file.
EventFile: E:\Windows\System32\winevt\Logs\Microsoft-Windows-TZSync%4Operational.evtx
Error: An error occurred while trying to read input.

[ERROR] Failed to open event file.
EventFile: E:\Windows\System32\winevt\Logs\Microsoft-Windows-TZUtil%4Operational.evtx
Error: An error occurred while trying to read input.

[ERROR] Failed to open event file.
EventFile: E:\Windows\System32\winevt\Logs\Microsoft-Windows-UAC%4Operational.evtx
Error: An error occurred while trying to read input.

[ERROR] Failed to open event file.
EventFile: E:\Windows\System32\winevt\Logs\Microsoft-Windows-UAC-FileVirtualization%4Operational.evtx
Error: An error occurred while trying to read input.

[ERROR] Failed to open event file.
EventFile: E:\Windows\System32\winevt\Logs\Microsoft-Windows-UniversalTelemetryClient%4Operational.evtx
Error: An error occurred while trying to read input.

[ERROR] Failed to open event file.
EventFile: E:\Windows\System32\winevt\Logs\Microsoft-Windows-User Control Panel%4Operational.evtx
Error: An error occurred while trying to read input.

[ERROR] Failed to open event file.
EventFile: E:\Windows\System32\winevt\Logs\Microsoft-Windows-User Device Registration%4Admin.evtx
Error: An error occurred while trying to read input.

[ERROR] Failed to open event file.
EventFile: E:\Windows\System32\winevt\Logs\Microsoft-Windows-User Profile Service%4Operational.evtx
Error: An error occurred while trying to read input.

[ERROR] Failed to open event file.
EventFile: E:\Windows\System32\winevt\Logs\Microsoft-Windows-User-Loader%4Operational.evtx
Error: An error occurred while trying to read input.

[ERROR] Failed to open event file.
EventFile: E:\Windows\System32\winevt\Logs\Microsoft-Windows-UserPnp%4ActionCenter.evtx
Error: An error occurred while trying to read input.

[ERROR] Failed to open event file.
EventFile: E:\Windows\System32\winevt\Logs\Microsoft-Windows-UserPnp%4DeviceInstall.evtx
Error: An error occurred while trying to read input.

[ERROR] Failed to open event file.
EventFile: E:\Windows\System32\winevt\Logs\Microsoft-Windows-VDRVROOT%4Operational.evtx
Error: An error occurred while trying to read input.

[ERROR] Failed to open event file.
EventFile: E:\Windows\System32\winevt\Logs\Microsoft-Windows-VerifyHardwareSecurity%4Admin.evtx
Error: An error occurred while trying to read input.

[ERROR] Failed to open event file.
EventFile: E:\Windows\System32\winevt\Logs\Microsoft-Windows-VHDMP-Operational.evtx
Error: An error occurred while trying to read input.

[ERROR] Failed to open event file.
EventFile: E:\Windows\System32\winevt\Logs\Microsoft-Windows-VolumeSnapshot-Driver%4Operational.evtx
Error: An error occurred while trying to read input.

[ERROR] Failed to open event file.
EventFile: E:\Windows\System32\winevt\Logs\Microsoft-Windows-VPN%4Operational.evtx
Error: An error occurred while trying to read input.

[ERROR] Failed to open event file.
EventFile: E:\Windows\System32\winevt\Logs\Microsoft-Windows-VPN-Client%4Operational.evtx
Error: An error occurred while trying to read input.

[ERROR] Failed to open event file.
EventFile: E:\Windows\System32\winevt\Logs\Microsoft-Windows-Wcmsvc%4Operational.evtx
Error: An error occurred while trying to read input.

[ERROR] Failed to open event file.
EventFile: E:\Windows\System32\winevt\Logs\Microsoft-Windows-WebAuthN%4Operational.evtx
Error: An error occurred while trying to read input.

[ERROR] Failed to open event file.
EventFile: E:\Windows\System32\winevt\Logs\Microsoft-Windows-WER-PayloadHealth%4Operational.evtx
Error: An error occurred while trying to read input.

[ERROR] Failed to open event file.
EventFile: E:\Windows\System32\winevt\Logs\Microsoft-Windows-WFP%4Operational.evtx
Error: An error occurred while trying to read input.

[ERROR] Failed to open event file.
EventFile: E:\Windows\System32\winevt\Logs\Microsoft-Windows-Win32k%4Operational.evtx
Error: An error occurred while trying to read input.

[ERROR] Failed to open event file.
EventFile: E:\Windows\System32\winevt\Logs\Microsoft-Windows-Windows Defender%4Operational.evtx
Error: An error occurred while trying to read input.

[ERROR] Failed to open event file.
EventFile: E:\Windows\System32\winevt\Logs\Microsoft-Windows-Windows Defender%4WHC.evtx
Error: An error occurred while trying to read input.

[ERROR] Failed to open event file.
EventFile: E:\Windows\System32\winevt\Logs\Microsoft-Windows-Windows Firewall With Advanced Security%4ConnectionSecurity.evtx
Error: An error occurred while trying to read input.

[ERROR] Failed to open event file.
EventFile: E:\Windows\System32\winevt\Logs\Microsoft-Windows-Windows Firewall With Advanced Security%4Firewall.evtx
Error: An error occurred while trying to read input.

[ERROR] Failed to open event file.
EventFile: E:\Windows\System32\winevt\Logs\Microsoft-Windows-Windows Firewall With Advanced Security%4FirewallDiagnostics.evtx
Error: An error occurred while trying to read input.

[ERROR] Failed to open event file.
EventFile: E:\Windows\System32\winevt\Logs\Microsoft-Windows-WindowsSystemAssessmentTool%4Operational.evtx
Error: An error occurred while trying to read input.

[ERROR] Failed to open event file.
EventFile: E:\Windows\System32\winevt\Logs\Microsoft-Windows-WindowsUpdateClient%4Operational.evtx
Error: An error occurred while trying to read input.

[ERROR] Failed to open event file.
EventFile: E:\Windows\System32\winevt\Logs\Microsoft-Windows-WinHttp%4Operational.evtx
Error: An error occurred while trying to read input.

[ERROR] Failed to open event file.
EventFile: E:\Windows\System32\winevt\Logs\Microsoft-Windows-WinINet%4Operational.evtx
Error: An error occurred while trying to read input.

[ERROR] Failed to open event file.
EventFile: E:\Windows\System32\winevt\Logs\Microsoft-Windows-WinINet-Config%4ProxyConfigChanged.evtx
Error: An error occurred while trying to read input.

[ERROR] Failed to open event file.
EventFile: E:\Windows\System32\winevt\Logs\Microsoft-Windows-Winlogon%4Operational.evtx
Error: An error occurred while trying to read input.

[ERROR] Failed to open event file.
EventFile: E:\Windows\System32\winevt\Logs\Microsoft-Windows-WinRM%4Operational.evtx
Error: An error occurred while trying to read input.

[ERROR] Failed to open event file.
EventFile: E:\Windows\System32\winevt\Logs\Microsoft-Windows-Winsock-WS2HELP%4Operational.evtx
Error: An error occurred while trying to read input.

[ERROR] Failed to open event file.
EventFile: E:\Windows\System32\winevt\Logs\Microsoft-Windows-Wired-AutoConfig%4Operational.evtx
Error: An error occurred while trying to read input.

[ERROR] Failed to open event file.
EventFile: E:\Windows\System32\winevt\Logs\Microsoft-Windows-WMI-Activity%4Operational.evtx
Error: An error occurred while trying to read input.

[ERROR] Failed to open event file.
EventFile: E:\Windows\System32\winevt\Logs\Microsoft-Windows-WMPNSS-Service%4Operational.evtx
Error: An error occurred while trying to read input.

[ERROR] Failed to open event file.
EventFile: E:\Windows\System32\winevt\Logs\Microsoft-Windows-Workplace Join%4Admin.evtx
Error: An error occurred while trying to read input.

[ERROR] Failed to open event file.
EventFile: E:\Windows\System32\winevt\Logs\Microsoft-Windows-WPD-ClassInstaller%4Operational.evtx
Error: An error occurred while trying to read input.

[ERROR] Failed to open event file.
EventFile: E:\Windows\System32\winevt\Logs\Microsoft-Windows-WPD-CompositeClassDriver%4Operational.evtx
Error: An error occurred while trying to read input.

[ERROR] Failed to open event file.
EventFile: E:\Windows\System32\winevt\Logs\Microsoft-Windows-WPD-MTPClassDriver%4Operational.evtx
Error: An error occurred while trying to read input.

[ERROR] Failed to open event file.
EventFile: E:\Windows\System32\winevt\Logs\OpenSSH%4Admin.evtx
Error: An error occurred while trying to read input.

[ERROR] Failed to open event file.
EventFile: E:\Windows\System32\winevt\Logs\OpenSSH%4Operational.evtx
Error: An error occurred while trying to read input.

[ERROR] Failed to open event file.
EventFile: E:\Windows\System32\winevt\Logs\Security.evtx
Error: An error occurred while trying to read input.

[ERROR] Failed to open event file.
EventFile: E:\Windows\System32\winevt\Logs\Setup.evtx
Error: An error occurred while trying to read input.

[ERROR] Failed to open event file.
EventFile: E:\Windows\System32\winevt\Logs\SMSApi.evtx
Error: An error occurred while trying to read input.

[ERROR] Failed to open event file.
EventFile: E:\Windows\System32\winevt\Logs\System.evtx
Error: An error occurred while trying to read input.

[ERROR] Failed to open event file.
EventFile: E:\Windows\System32\winevt\Logs\Windows PowerShell.evtx
Error: An error occurred while trying to read input.

